<?xml version="1.0" encoding="UTF-8"?>
<!-- Generated by org.testng.reporters.JUnitReportReporter -->
<testsuite skipped="3" hostname="LAPTOP-A11EL1IC" name="com.qa.testcases.ProductListPageTest" tests="3" failures="0" timestamp="02 May 2020 01:40:10 GMT" time="0.000" errors="0">
  <testcase name="checkSize" time="0.000" classname="com.qa.testcases.ProductListPageTest">
    <skipped/>
  </testcase> <!-- checkSize -->
  <testcase name="checkStock" time="0.000" classname="com.qa.testcases.ProductListPageTest">
    <skipped/>
  </testcase> <!-- checkStock -->
  <testcase name="clickFirstImage" time="0.000" classname="com.qa.testcases.ProductListPageTest">
    <skipped/>
  </testcase> <!-- clickFirstImage -->
</testsuite> <!-- com.qa.testcases.ProductListPageTest -->
