<?xml version="1.0" encoding="UTF-8"?>
<!-- Generated by org.testng.reporters.JUnitReportReporter -->
<testsuite skipped="1" hostname="LAPTOP-A11EL1IC" name="com.qa.testcases.KurtisPageTest" tests="1" failures="0" timestamp="02 May 2020 01:40:10 GMT" time="0.000" errors="0">
  <testcase name="clickSelectBySize" time="0.000" classname="com.qa.testcases.KurtisPageTest">
    <skipped/>
  </testcase> <!-- clickSelectBySize -->
</testsuite> <!-- com.qa.testcases.KurtisPageTest -->
